<?xml version="1.0" encoding="UTF-8"?>
<testng-results skipped="1" failed="0" total="5" passed="4">
  <reporter-output>
  </reporter-output>
  <suite name="Command line suite" duration-ms="2544" started-at="2020-03-27T01:26:24Z" finished-at="2020-03-27T01:26:27Z">
    <groups>
    </groups>
    <test name="Command line test" duration-ms="2544" started-at="2020-03-27T01:26:24Z" finished-at="2020-03-27T01:26:27Z">
      <class name="com.apex.user.api.test.UserAPIGetTest">
        <test-method status="PASS" signature="testGetwithAlphabet()[pri:0, instance:com.apex.user.api.test.UserAPIGetTest@5b464ce8]" name="testGetwithAlphabet" duration-ms="216" started-at="2020-03-26T18:26:26Z" finished-at="2020-03-26T18:26:26Z">
          <reporter-output>
          </reporter-output>
        </test-method> <!-- testGetwithAlphabet -->
        <test-method status="PASS" signature="testGetwithBlank()[pri:0, instance:com.apex.user.api.test.UserAPIGetTest@5b464ce8]" name="testGetwithBlank" duration-ms="238" started-at="2020-03-26T18:26:26Z" finished-at="2020-03-26T18:26:26Z">
          <reporter-output>
          </reporter-output>
        </test-method> <!-- testGetwithBlank -->
        <test-method status="PASS" signature="testGetwithNonExistingId()[pri:0, instance:com.apex.user.api.test.UserAPIGetTest@5b464ce8]" name="testGetwithNonExistingId" duration-ms="253" started-at="2020-03-26T18:26:26Z" finished-at="2020-03-26T18:26:27Z">
          <reporter-output>
          </reporter-output>
        </test-method> <!-- testGetwithNonExistingId -->
        <test-method status="SKIP" signature="testGetwithSuccessData(java.lang.String, java.lang.String)[pri:0, instance:com.apex.user.api.test.UserAPIGetTest@5b464ce8]" name="testGetwithSuccessData" duration-ms="0" started-at="2020-03-26T18:26:27Z" data-provider="getUserIds_dp" finished-at="2020-03-26T18:26:27Z">
          <exception class="java.lang.RuntimeException">
            <message>
              <![CDATA[jxl.read.biff.BiffException: Unable to recognize OLE stream]]>
            </message>
            <full-stacktrace>
              <![CDATA[java.lang.RuntimeException: jxl.read.biff.BiffException: Unable to recognize OLE stream
	at org.testng.internal.MethodInvocationHelper.invokeDataProvider(MethodInvocationHelper.java:163)
	at org.testng.internal.Parameters.handleParameters(Parameters.java:430)
	at org.testng.internal.Invoker.handleParameters(Invoker.java:1274)
	at org.testng.internal.Invoker.createParameters(Invoker.java:989)
	at org.testng.internal.Invoker.invokeTestMethods(Invoker.java:1079)
	at org.testng.internal.TestMethodWorker.invokeTestMethods(TestMethodWorker.java:129)
	at org.testng.internal.TestMethodWorker.run(TestMethodWorker.java:112)
	at org.testng.TestRunner.privateRun(TestRunner.java:782)
	at org.testng.TestRunner.run(TestRunner.java:632)
	at org.testng.SuiteRunner.runTest(SuiteRunner.java:366)
	at org.testng.SuiteRunner.runSequentially(SuiteRunner.java:361)
	at org.testng.SuiteRunner.privateRun(SuiteRunner.java:319)
	at org.testng.SuiteRunner.run(SuiteRunner.java:268)
	at org.testng.SuiteRunnerWorker.runSuite(SuiteRunnerWorker.java:52)
	at org.testng.SuiteRunnerWorker.run(SuiteRunnerWorker.java:86)
	at org.testng.TestNG.runSuitesSequentially(TestNG.java:1244)
	at org.testng.TestNG.runSuitesLocally(TestNG.java:1169)
	at org.testng.TestNG.run(TestNG.java:1064)
	at org.apache.maven.surefire.testng.TestNGExecutor.run(TestNGExecutor.java:77)
	at org.apache.maven.surefire.testng.TestNGDirectoryTestSuite.executeMulti(TestNGDirectoryTestSuite.java:159)
	at org.apache.maven.surefire.testng.TestNGDirectoryTestSuite.execute(TestNGDirectoryTestSuite.java:99)
	at org.apache.maven.surefire.testng.TestNGProvider.invoke(TestNGProvider.java:106)
	at sun.reflect.NativeMethodAccessorImpl.invoke0(Native Method)
	at sun.reflect.NativeMethodAccessorImpl.invoke(Unknown Source)
	at sun.reflect.DelegatingMethodAccessorImpl.invoke(Unknown Source)
	at java.lang.reflect.Method.invoke(Unknown Source)
	at org.apache.maven.surefire.util.ReflectionUtils.invokeMethodWithArray(ReflectionUtils.java:189)
	at org.apache.maven.surefire.booter.ProviderFactory$ProviderProxy.invoke(ProviderFactory.java:165)
	at org.apache.maven.surefire.booter.ProviderFactory.invokeProvider(ProviderFactory.java:85)
	at org.apache.maven.surefire.booter.ForkedBooter.runSuitesInProcess(ForkedBooter.java:115)
	at org.apache.maven.surefire.booter.ForkedBooter.main(ForkedBooter.java:75)
Caused by: jxl.read.biff.BiffException: Unable to recognize OLE stream
	at jxl.read.biff.CompoundFile.<init>(CompoundFile.java:116)
	at jxl.read.biff.File.<init>(File.java:127)
	at jxl.Workbook.getWorkbook(Workbook.java:221)
	at jxl.Workbook.getWorkbook(Workbook.java:198)
	at com.apex.core.JXLUtil.getData(JXLUtil.java:9)
	at com.apex.user.api.test.UserAPIGetTest.getUserIds(UserAPIGetTest.java:23)
	at sun.reflect.NativeMethodAccessorImpl.invoke0(Native Method)
	at sun.reflect.NativeMethodAccessorImpl.invoke(Unknown Source)
	at sun.reflect.DelegatingMethodAccessorImpl.invoke(Unknown Source)
	at java.lang.reflect.Method.invoke(Unknown Source)
	at org.testng.internal.MethodInvocationHelper.invokeMethod(MethodInvocationHelper.java:86)
	at org.testng.internal.MethodInvocationHelper.invokeDataProvider(MethodInvocationHelper.java:137)
	... 30 more
]]>
            </full-stacktrace>
          </exception> <!-- java.lang.RuntimeException -->
          <reporter-output>
          </reporter-output>
        </test-method> <!-- testGetwithSuccessData -->
      </class> <!-- com.apex.user.api.test.UserAPIGetTest -->
      <class name="com.apex.user.api.test.UserAPIDeleteTest">
        <test-method status="PASS" signature="testDeletetwithExistingData()[pri:0, instance:com.apex.user.api.test.UserAPIDeleteTest@511baa65]" name="testDeletetwithExistingData" duration-ms="1771" started-at="2020-03-26T18:26:24Z" finished-at="2020-03-26T18:26:26Z">
          <reporter-output>
          </reporter-output>
        </test-method> <!-- testDeletetwithExistingData -->
      </class> <!-- com.apex.user.api.test.UserAPIDeleteTest -->
    </test> <!-- Command line test -->
  </suite> <!-- Command line suite -->
</testng-results>
