<?xml version="1.0" encoding="UTF-8"?>
<!-- Generated by org.testng.reporters.JUnitXMLReporter -->
<testsuite hostname="LAPTOP-AMJK1B2C" name="Command line test" tests="5" failures="0" timestamp="27 Mar 2020 01:26:27 GMT" time="2.544" errors="0">
  <testcase name="testDeletetwithExistingData" time="1.771" classname="com.apex.user.api.test.UserAPIDeleteTest"/>
  <testcase name="testGetwithAlphabet" time="0.216" classname="com.apex.user.api.test.UserAPIGetTest"/>
  <testcase name="testGetwithBlank" time="0.238" classname="com.apex.user.api.test.UserAPIGetTest"/>
  <testcase name="testGetwithNonExistingId" time="0.253" classname="com.apex.user.api.test.UserAPIGetTest"/>
  <testcase name="testGetwithSuccessData" time="0.0" classname="com.apex.user.api.test.UserAPIGetTest">
    <skipped/>
  </testcase> <!-- testGetwithSuccessData -->
</testsuite> <!-- Command line test -->
